<?xml version="1.0" encoding="UTF-8" ?>
<testsuite errors="4" failures="0" hostname="CS" name="ca.sheridancollege.project.CardTest" skipped="0" tests="4" time="0.477" timestamp="2019-04-18T23:44:36">
  <properties>
    <property name="libs.spring-framework300.classpath" value="D:\netbeans-10.0\netbeans\ide\modules\org-apache-commons-logging.jar;D:\netbeans-10.0\netbeans\java\modules\ext\cglib-2.2.jar;D:\netbeans-10.0\netbeans\java\modules\ext\spring-3.0\spring-aop-3.2.7.RELEASE.jar;D:\netbeans-10.0\netbeans\java\modules\ext\spring-3.0\spring-aspects-3.2.7.RELEASE.jar;D:\netbeans-10.0\netbeans\java\modules\ext\spring-3.0\spring-beans-3.2.7.RELEASE.jar;D:\netbeans-10.0\netbeans\java\modules\ext\spring-3.0\spring-build-src-3.2.7.RELEASE.jar;D:\netbeans-10.0\netbeans\java\modules\ext\spring-3.0\spring-context-3.2.7.RELEASE.jar;D:\netbeans-10.0\netbeans\java\modules\ext\spring-3.0\spring-context-support-3.2.7.RELEASE.jar;D:\netbeans-10.0\netbeans\java\modules\ext\spring-3.0\spring-core-3.2.7.RELEASE.jar;D:\netbeans-10.0\netbeans\java\modules\ext\spring-3.0\spring-expression-3.2.7.RELEASE.jar;D:\netbeans-10.0\netbeans\java\modules\ext\spring-3.0\spring-framework-bom-3.2.7.RELEASE.jar;D:\netbeans-10.0\netbeans\java\modules\ext\spring-3.0\spring-instrument-3.2.7.RELEASE.jar;D:\netbeans-10.0\netbeans\java\modules\ext\spring-3.0\spring-instrument-tomcat-3.2.7.RELEASE.jar;D:\netbeans-10.0\netbeans\java\modules\ext\spring-3.0\spring-jdbc-3.2.7.RELEASE.jar;D:\netbeans-10.0\netbeans\java\modules\ext\spring-3.0\spring-jms-3.2.7.RELEASE.jar;D:\netbeans-10.0\netbeans\java\modules\ext\spring-3.0\spring-orm-3.2.7.RELEASE.jar;D:\netbeans-10.0\netbeans\java\modules\ext\spring-3.0\spring-oxm-3.2.7.RELEASE.jar;D:\netbeans-10.0\netbeans\java\modules\ext\spring-3.0\spring-struts-3.2.7.RELEASE.jar;D:\netbeans-10.0\netbeans\java\modules\ext\spring-3.0\spring-test-3.2.7.RELEASE.jar;D:\netbeans-10.0\netbeans\java\modules\ext\spring-3.0\spring-tx-3.2.7.RELEASE.jar;D:\netbeans-10.0\netbeans\java\modules\ext\spring-3.0\spring-web-3.2.7.RELEASE.jar;D:\netbeans-10.0\netbeans\java\modules\ext\spring-3.0\spring-webmvc-3.2.7.RELEASE.jar;D:\netbeans-10.0\netbeans\java\modules\ext\spring-3.0\spring-webmvc-portlet-3.2.7.RELEASE.jar" />
    <property name="javac.includesfile.binary" value="C:\Users\CS\Documents\NetBeansProjects\War\null1227829689" />
    <property name="javac.test.classpath" value=":build/classes:D:\netbeans-10.0\netbeans\platform\modules\ext\junit-4.12.jar:D:\netbeans-10.0\netbeans\platform\modules\ext\hamcrest-core-1.3.jar" />
    <property name="java.specification.version" value="10" />
    <property name="sun.cpu.isalist" value="amd64" />
    <property name="jar.index.metainf" value="false" />
    <property name="javadoc.preview" value="true" />
    <property name="do.depend" value="false" />
    <property name="libs.spring-framework400.classpath" value="D:\netbeans-10.0\netbeans\ide\modules\org-apache-commons-logging.jar;D:\netbeans-10.0\netbeans\java\modules\ext\cglib-2.2.jar;D:\netbeans-10.0\netbeans\java\modules\ext\spring-4\spring-aop-4.0.1.RELEASE.jar;D:\netbeans-10.0\netbeans\java\modules\ext\spring-4\spring-aspects-4.0.1.RELEASE.jar;D:\netbeans-10.0\netbeans\java\modules\ext\spring-4\spring-beans-4.0.1.RELEASE.jar;D:\netbeans-10.0\netbeans\java\modules\ext\spring-4\spring-build-src-4.0.1.RELEASE.jar;D:\netbeans-10.0\netbeans\java\modules\ext\spring-4\spring-context-4.0.1.RELEASE.jar;D:\netbeans-10.0\netbeans\java\modules\ext\spring-4\spring-context-support-4.0.1.RELEASE.jar;D:\netbeans-10.0\netbeans\java\modules\ext\spring-4\spring-core-4.0.1.RELEASE.jar;D:\netbeans-10.0\netbeans\java\modules\ext\spring-4\spring-expression-4.0.1.RELEASE.jar;D:\netbeans-10.0\netbeans\java\modules\ext\spring-4\spring-framework-bom-4.0.1.RELEASE.jar;D:\netbeans-10.0\netbeans\java\modules\ext\spring-4\spring-instrument-4.0.1.RELEASE.jar;D:\netbeans-10.0\netbeans\java\modules\ext\spring-4\spring-instrument-tomcat-4.0.1.RELEASE.jar;D:\netbeans-10.0\netbeans\java\modules\ext\spring-4\spring-jdbc-4.0.1.RELEASE.jar;D:\netbeans-10.0\netbeans\java\modules\ext\spring-4\spring-jms-4.0.1.RELEASE.jar;D:\netbeans-10.0\netbeans\java\modules\ext\spring-4\spring-messaging-4.0.1.RELEASE.jar;D:\netbeans-10.0\netbeans\java\modules\ext\spring-4\spring-orm-4.0.1.RELEASE.jar;D:\netbeans-10.0\netbeans\java\modules\ext\spring-4\spring-oxm-4.0.1.RELEASE.jar;D:\netbeans-10.0\netbeans\java\modules\ext\spring-4\spring-test-4.0.1.RELEASE.jar;D:\netbeans-10.0\netbeans\java\modules\ext\spring-4\spring-tx-4.0.1.RELEASE.jar;D:\netbeans-10.0\netbeans\java\modules\ext\spring-4\spring-web-4.0.1.RELEASE.jar;D:\netbeans-10.0\netbeans\java\modules\ext\spring-4\spring-webmvc-4.0.1.RELEASE.jar;D:\netbeans-10.0\netbeans\java\modules\ext\spring-4\spring-webmvc-portlet-4.0.1.RELEASE.jar;D:\netbeans-10.0\netbeans\java\modules\ext\spring-4\spring-websocket-4.0.1.RELEASE.jar" />
    <property name="sun.arch.data.model" value="64" />
    <property name="test.binaryincludes" value="&lt;nothing&gt;" />
    <property name="nb.show.statistics.ui" value="usageStatisticsEnabled" />
    <property name="debug-transport" value="dt_shmem" />
    <property name="java.vendor.url" value="http://java.oracle.com/" />
    <property name="annotation.processing.enabled" value="true" />
    <property name="ant.file.type.War-impl" value="file" />
    <property name="libs.junit_5.src" value="D:\netbeans-10.0\netbeans\platform\docs\junit-jupiter-api-5.3.1-sources.jar;D:\netbeans-10.0\netbeans\platform\docs\junit-jupiter-params-5.3.1-sources.jar;D:\netbeans-10.0\netbeans\platform\docs\junit-jupiter-engine-5.3.1-sources.jar" />
    <property name="debug.modulepath" value="" />
    <property name="libs.jaxb.classpath" value="D:\netbeans-10.0\netbeans\ide\modules\ext\jaxb\jaxb-impl-2.2.5-2.jar;D:\netbeans-10.0\netbeans\ide\modules\ext\jaxb\jaxb-xjc-2.2.5-2.jar;D:\netbeans-10.0\netbeans\ide\modules\ext\jaxb\jaxb1-impl-2.2.5-2.jar;D:\netbeans-10.0\netbeans\ide\modules\ext\jaxb\activation.jar;D:\netbeans-10.0\netbeans\ide\modules\ext\jaxb\api\jaxb-api.jar" />
    <property name="libs.eclipselink.javadoc" value="" />
    <property name="libs.JWSAntTasks.javadoc" value="" />
    <property name="sun.boot.library.path" value="C:\Program Files\Java\jdk-10.0.2\bin" />
    <property name="libs.CopyLibs.src" value="" />
    <property name="sun.java.command" value="org.apache.tools.ant.taskdefs.optional.junit.JUnitTestRunner ca.sheridancollege.project.CardTest skipNonTests=false filtertrace=true haltOnError=false haltOnFailure=false showoutput=true outputtoformatters=true logfailedtests=true threadid=0 logtestlistenerevents=true formatter=org.apache.tools.ant.taskdefs.optional.junit.BriefJUnitResultFormatter formatter=org.apache.tools.ant.taskdefs.optional.junit.XMLJUnitResultFormatter,C:\Users\CS\Documents\NetBeansProjects\War\build\test\results\TEST-ca.sheridancollege.project.CardTest.xml crashfile=C:\Users\CS\Documents\NetBeansProjects\War\build\junitvmwatcher4424996498583945251.properties propsfile=C:\Users\CS\Documents\NetBeansProjects\War\build\junit12951994762421100797.properties" />
    <property name="jdk.debug" value="release" />
    <property name="libs.spring-framework300.src" value="" />
    <property name="java.specification.vendor" value="Oracle Corporation" />
    <property name="javac.source" value="1.8" />
    <property name="javadoc.use" value="true" />
    <property name="libs.javac-api.maven-pom" value="" />
    <property name="javadoc.notree" value="false" />
    <property name="java.version.date" value="2018-07-17" />
    <property name="java.home" value="C:\Program Files\Java\jdk-10.0.2" />
    <property name="basedir" value="C:\Users\CS\Documents\NetBeansProjects\War" />
    <property name="work.dir" value="C:\Users\CS\Documents\NetBeansProjects\War" />
    <property name="jna.boot.library.name" value="jnidispatch-440" />
    <property name="java.specification.name" value="Java Platform API Specification" />
    <property name="javac.test.compilerargs" value="" />
    <property name="java.vm.specification.vendor" value="Oracle Corporation" />
    <property name="libs.PostgreSQLDriver.classpath" value="D:\netbeans-10.0\netbeans\ide\modules\ext\postgresql-42.2.5.jar" />
    <property name="libs.javac-api.javadoc" value="" />
    <property name="libs.JAXB-ENDORSED.src" value="" />
    <property name="netbeans.extbrowser.manual_chrome_plugin_install" value="yes" />
    <property name="manifest.encoding" value="UTF-8" />
    <property name="user.script" value="" />
    <property name="netbeans.default_userdir_root" value="C:\Users\CS\AppData\Roaming\NetBeans" />
    <property name="libs.spring-framework400.src" value="" />
    <property name="sun.management.compiler" value="HotSpot 64-Bit Tiered Compilers" />
    <property name="jdk.home" value="C:\Program Files\Java\jdk-10.0.2" />
    <property name="run.test.modulepath" value="" />
    <property name="java.runtime.version" value="10.0.2+13" />
    <property name="libs.eclipselink.maven-pom" value="" />
    <property name="libs.JAXB-ENDORSED.javadoc" value="" />
    <property name="debug.test.modulepath" value="" />
    <property name="sun.java2d.noddraw" value="true" />
    <property name="file.encoding" value="Cp1252" />
    <property name="sun.zip.disableMemoryMapping" value="true" />
    <property name="java.util.logging.config.class" value="org.netbeans.core.startup.TopLogging" />
    <property name="https.nonProxyHosts" value="localhost|127.0.0.1|CS" />
    <property name="libs.groovy-all.maven-pom" value="" />
    <property name="java.vendor.version" value="18.3" />
    <property name="libs.junit_5.javadoc" value="D:\netbeans-10.0\netbeans\platform\docs\junit-jupiter-api-5.3.1-javadoc.jar;D:\netbeans-10.0\netbeans\platform\docs\junit-jupiter-params-5.3.1-javadoc.jar;D:\netbeans-10.0\netbeans\platform\docs\junit-jupiter-engine-5.3.1-javadoc.jar" />
    <property name="dist.archive.excludes" value="" />
    <property name="libs.absolutelayout.classpath" value="D:\netbeans-10.0\netbeans\java\modules\ext\AbsoluteLayout.jar" />
    <property name="java.io.tmpdir" value="C:\Users\CS\AppData\Local\Temp\" />
    <property name="do.archive" value="true" />
    <property name="java.version" value="10.0.2" />
    <property name="ant.file.War-impl" value="C:\Users\CS\Documents\NetBeansProjects\War\nbproject\build-impl.xml" />
    <property name="java.vm.specification.name" value="Java Virtual Machine Specification" />
    <property name="java.awt.printerjob" value="sun.awt.windows.WPrinterJob" />
    <property name="built-jar.properties" value="C:\Users\CS\Documents\NetBeansProjects\War\build\built-jar.properties" />
    <property name="nb.native.filechooser" value="false" />
    <property name="libs.testng.src" value="" />
    <property name="platform.active" value="default_platform" />
    <property name="java.library.path" value="C:\Program Files\Java\jdk-10.0.2\bin;C:\Windows\Sun\Java\bin;C:\Windows\system32;C:\Windows;C:\Program Files\Intel\Intel(R) Management Engine Components\iCLS\;C:\Windows\system32;C:\Windows;C:\Windows\System32\Wbem;C:\Windows\System32\WindowsPowerShell\v1.0\;C:\Program Files (x86)\Intel\Intel(R) Management Engine Components\DAL;C:\Program Files\Intel\Intel(R) Management Engine Components\DAL;C:\Program Files (x86)\Intel\Intel(R) Management Engine Components\IPT;C:\Program Files\Intel\Intel(R) Management Engine Components\IPT;C:\Program Files\Java\jdk-10.0.2\bin;C:\Program Files\PuTTY\;C:\Program Files\nodejs\;C:\Users\CS\AppData\Local\Microsoft\WindowsApps;C:\Users\CS\AppData\Roaming\npm;." />
    <property name="libs.hamcrest.src" value="" />
    <property name="manifest.file" value="manifest.mf" />
    <property name="java.vendor" value="Oracle Corporation" />
    <property name="libs.groovy-all.src" value="" />
    <property name="libs.testng.javadoc" value="D:\netbeans-10.0\netbeans\platform\docs\testng-6.8.1-javadoc.zip" />
    <property name="meta.inf.dir" value="src/META-INF" />
    <property name="sun.io.unicode.encoding" value="UnicodeLittle" />
    <property name="libs.testng.maven-pom" value="" />
    <property name="org.openide.version" value="deprecated" />
    <property name="default.javac.source" value="10" />
    <property name="sun.desktop" value="windows" />
    <property name="test.includes" value="ca/sheridancollege/project/CardTest.java" />
    <property name="netbeans.dynamic.classpath" value="D:\netbeans-10.0\netbeans\platform\core\asm-all-5.0.1.jar;D:\netbeans-10.0\netbeans\platform\core\core-base.jar;D:\netbeans-10.0\netbeans\platform\core\core.jar;D:\netbeans-10.0\netbeans\platform\core\org-netbeans-libs-asm.jar;D:\netbeans-10.0\netbeans\platform\core\org-openide-filesystems-compat8.jar;D:\netbeans-10.0\netbeans\platform\core\org-openide-filesystems.jar;D:\netbeans-10.0\netbeans\nb\core\org-netbeans-upgrader.jar;D:\netbeans-10.0\netbeans\nb\core\locale\core_nb.jar" />
    <property name="run.classpath" value=":build/classes" />
    <property name="libs.jaxb.src" value="" />
    <property name="libs.eclipselinkmodelgen.classpath" value="D:\netbeans-10.0\netbeans\java\modules\ext\eclipselink\org.eclipse.persistence.jpa.modelgen.processor-2.5.2.jar" />
    <property name="sun.awt.enableExtraMouseButtons" value="true" />
    <property name="test.src.dir" value="test" />
    <property name="org.openide.major.version" value="IDE/1" />
    <property name="libs.spring-framework300.javadoc" value="" />
    <property name="netbeans.buildnumber" value="incubator-netbeans-release-380-on-20181217" />
    <property name="php.global.include.path" value="" />
    <property name="ap.proc.none.internal" value="" />
    <property name="org.openide.specification.version" value="6.2" />
    <property name="endorsed.classpath.cmd.line.arg" value="" />
    <property name="user.timezone" value="" />
    <property name="libs.jpa20-persistence.maven-pom" value="" />
    <property name="jar.index" value="false" />
    <property name="libs.jpa20-persistence.classpath" value="D:\netbeans-10.0\netbeans\java\modules\ext\eclipselink\javax.persistence-2.1.0.jar" />
    <property name="libs.CopyLibs.maven-pom" value="" />
    <property name="libs.junit_5.classpath" value="D:\netbeans-10.0\netbeans\platform\modules\ext\junit-jupiter-api-5.3.1.jar;D:\netbeans-10.0\netbeans\platform\modules\ext\junit-jupiter-params-5.3.1.jar;D:\netbeans-10.0\netbeans\platform\modules\ext\junit-jupiter-engine-5.3.1.jar" />
    <property name="libs.eclipselinkmodelgen.javadoc" value="" />
    <property name="build.sysclasspath" value="ignore" />
    <property name="java.vm.specification.version" value="10" />
    <property name="os.name" value="Windows 10" />
    <property name="javadoc.noindex" value="false" />
    <property name="javadoc.private" value="false" />
    <property name="jdkBug6558476" value="false" />
    <property name="javadoc.author" value="false" />
    <property name="http.nonProxyHosts" value="localhost|127.0.0.1|CS" />
    <property name="main.class" value="passwordvalidator.PasswordValidator" />
    <property name="libs.JAXB-ENDORSED.maven-pom" value="" />
    <property name="user.home" value="C:\Users\CS" />
    <property name="source.encoding" value="UTF-8" />
    <property name="libs.eclipselinkmodelgen.maven-pom" value="" />
    <property name="jar.compress" value="false" />
    <property name="have.sources" value="true" />
    <property name="annotation.processing.processors.list" value="" />
    <property name="javac.deprecation" value="false" />
    <property name="java.awt.graphicsenv" value="sun.awt.Win32GraphicsEnvironment" />
    <property name="build.generated.sources.dir" value="build/generated-sources" />
    <property name="apple.awt.graphics.UseQuartz" value="true" />
    <property name="plugin.manager.check.updates" value="false" />
    <property name="run.jvmargs" value="" />
    <property name="netbeans.autoupdate.language" value="en" />
    <property name="build.compiler.emacs" value="true" />
    <property name="libs.eclipselinkmodelgen.src" value="" />
    <property name="build.classes.excludes" value="**/*.java,**/*.form" />
    <property name="dist.jar" value="dist/War.jar" />
    <property name="ant.file" value="C:\Users\CS\Documents\NetBeansProjects\War\build.xml" />
    <property name="path.separator" value=";" />
    <property name="os.version" value="10.0" />
    <property name="libs.JAXB-ENDORSED.classpath" value="D:\netbeans-10.0\netbeans\ide\modules\ext\jaxb\api\jaxb-api.jar" />
    <property name="netbeans.home" value="D:\netbeans-10.0\netbeans\platform" />
    <property name="libs.CopyLibs.javadoc" value="" />
    <property name="build.test.results.dir" value="build/test/results" />
    <property name="debug-transport-by-os" value="dt_shmem" />
    <property name="libs.jaxws21.javadoc" value="D:\netbeans-10.0\netbeans\java\docs\jaxws-api-doc.zip" />
    <property name="libs.spring-framework400.maven-pom" value="" />
    <property name="ap.processors.internal" value="" />
    <property name="java.vm.name" value="Java HotSpot(TM) 64-Bit Server VM" />
    <property name="libs.jaxws21.classpath" value="D:\netbeans-10.0\netbeans\java\modules\ext\jaxws22\FastInfoset.jar;D:\netbeans-10.0\netbeans\java\modules\ext\jaxws22\gmbal-api-only.jar;D:\netbeans-10.0\netbeans\java\modules\ext\jaxws22\ha-api.jar;D:\netbeans-10.0\netbeans\java\modules\ext\jaxws22\javax.mail_1.4.jar;D:\netbeans-10.0\netbeans\java\modules\ext\jaxws22\jaxws-rt.jar;D:\netbeans-10.0\netbeans\java\modules\ext\jaxws22\jaxws-tools.jar;D:\netbeans-10.0\netbeans\java\modules\ext\jaxws22\management-api.jar;D:\netbeans-10.0\netbeans\java\modules\ext\jaxws22\mimepull.jar;D:\netbeans-10.0\netbeans\java\modules\ext\jaxws22\policy.jar;D:\netbeans-10.0\netbeans\java\modules\ext\jaxws22\saaj-impl.jar;D:\netbeans-10.0\netbeans\java\modules\ext\jaxws22\stax-ex.jar;D:\netbeans-10.0\netbeans\java\modules\ext\jaxws22\stax2-api.jar;D:\netbeans-10.0\netbeans\java\modules\ext\jaxws22\streambuffer.jar;D:\netbeans-10.0\netbeans\java\modules\ext\jaxws22\woodstox-core-asl.jar;D:\netbeans-10.0\netbeans\java\modules\ext\jaxws22\api\jaxws-api.jar;D:\netbeans-10.0\netbeans\java\modules\ext\jaxws22\api\jsr181-api.jar;D:\netbeans-10.0\netbeans\java\modules\ext\jaxws22\api\javax.annotation.jar;D:\netbeans-10.0\netbeans\java\modules\ext\jaxws22\api\saaj-api.jar;D:\netbeans-10.0\netbeans\ide\modules\ext\jaxb\activation.jar;D:\netbeans-10.0\netbeans\ide\modules\ext\jaxb\api\jaxb-api.jar" />
    <property name="os.arch" value="amd64" />
    <property name="libs.hamcrest.javadoc" value="" />
    <property name="build.generated.dir" value="build/generated" />
    <property name="libs.spring-framework400.javadoc" value="" />
    <property name="libs.javac-api.src" value="" />
    <property name="libs.groovy-all.javadoc" value="" />
    <property name="java.vm.info" value="mixed mode" />
    <property name="libs.jaxws21.maven-pom" value="" />
    <property name="run.test.classpath" value=":build/classes:D:\netbeans-10.0\netbeans\platform\modules\ext\junit-4.12.jar:D:\netbeans-10.0\netbeans\platform\modules\ext\hamcrest-core-1.3.jar:build/test/classes" />
    <property name="java.class.version" value="54.0" />
    <property name="javadoc.encoding.used" value="UTF-8" />
    <property name="src.dir" value="src" />
    <property name="org.netbeans.io.suspend" value="0" />
    <property name="ant.project.default-target" value="default" />
    <property name="debug.classpath" value=":build/classes" />
    <property name="awt.toolkit" value="sun.awt.windows.WToolkit" />
    <property name="excludes" value="" />
    <property name="ant.project.name" value="War" />
    <property name="dist.javadoc.dir" value="dist/javadoc" />
    <property name="sun.jnu.encoding" value="Cp1252" />
    <property name="libs.junit_4.javadoc" value="D:\netbeans-10.0\netbeans\platform\docs\junit-4.12-javadoc.jar" />
    <property name="run.test.jvmargs" value="" />
    <property name="default.javac.target" value="10" />
    <property name="javac.fork" value="true" />
    <property name="sun.java2d.dpiaware" value="true" />
    <property name="libs.eclipselink.classpath" value="D:\netbeans-10.0\netbeans\java\modules\ext\eclipselink\org.eclipse.persistence.core-2.5.2.jar;D:\netbeans-10.0\netbeans\java\modules\ext\eclipselink\org.eclipse.persistence.asm-2.5.2.jar;D:\netbeans-10.0\netbeans\java\modules\ext\eclipselink\org.eclipse.persistence.antlr-2.5.2.jar;D:\netbeans-10.0\netbeans\java\modules\ext\eclipselink\org.eclipse.persistence.jpa-2.5.2.jar;D:\netbeans-10.0\netbeans\java\modules\ext\eclipselink\org.eclipse.persistence.jpa.jpql-2.5.2.jar;D:\netbeans-10.0\netbeans\java\modules\ext\eclipselink\javax.persistence-2.1.0.jar" />
    <property name="libs.javac-api.classpath" value="" />
    <property name="main.class.available" value="true" />
    <property name="netbeans.importclass" value="org.netbeans.upgrade.AutoUpgrade" />
    <property name="libs.PostgreSQLDriver.maven-pom" value="" />
    <property name="netbeans.autoupdate.version" value="1.23" />
    <property name="libs.absolutelayout.src" value="" />
    <property name="empty.dir" value="C:\Users\CS\Documents\NetBeansProjects\War\build\empty" />
    <property name="testng.mode" value="testng" />
    <property name="annotation.processing.enabled.in.editor" value="false" />
    <property name="netbeans.user" value="C:\Users\CS\AppData\Roaming\NetBeans\10.0" />
    <property name="javac.includes.binary" value="C:\Users\CS\Documents\NetBeansProjects\War\build\test\classes\ca\sheridancollege\project\CardTest.class" />
    <property name="file.separator" value="\" />
    <property name="java.vm.compressedOopsMode" value="Zero based" />
    <property name="line.separator" value="&#xd;&#xa;" />
    <property name="javadoc.additionalparam" value="" />
    <property name="netbeans.productversion" value="Apache NetBeans IDE 10.0 (Build incubator-netbeans-release-380-on-20181217)" />
    <property name="javac.debug" value="true" />
    <property name="ant.file.War" value="C:\Users\CS\Documents\NetBeansProjects\War\build.xml" />
    <property name="libs.testng.classpath" value="D:\netbeans-10.0\netbeans\platform\modules\ext\testng-6.8.1-dist.jar" />
    <property name="mkdist.disabled" value="false" />
    <property name="user.name" value="CS" />
    <property name="build.classes.dir" value="build/classes" />
    <property name="javadoc.windowtitle" value="" />
    <property name="nb.junit.single" value="false" />
    <property name="nb.internal.action.name" value="run.single" />
    <property name="libs.groovy-all.classpath" value="D:\netbeans-10.0\netbeans\groovy\modules\ext\groovy.jar;D:\netbeans-10.0\netbeans\groovy\modules\ext\groovy-ant.jar" />
    <property name="libs.absolutelayout.javadoc" value="" />
    <property name="libs.jaxws21.src" value="" />
    <property name="libs.jaxb.maven-pom" value="" />
    <property name="annotation.processing.processor.options" value="" />
    <property name="dist.dir" value="dist" />
    <property name="build.dir" value="build" />
    <property name="jna.loaded" value="true" />
    <property name="libs.junit_5.maven-pom" value="" />
    <property name="netbeans.autoupdate.variant" value="" />
    <property name="libs.jpa20-persistence.javadoc" value="" />
    <property name="javadoc.version" value="false" />
    <property name="ant.junit.enabletestlistenerevents" value="true" />
    <property name="libs.JWSAntTasks.src" value="" />
    <property name="ant.home" value="D:\netbeans-10.0\netbeans\extide\ant" />
    <property name="libs.CopyLibs.classpath" value="D:\netbeans-10.0\netbeans\java\ant\extra\org-netbeans-modules-java-j2seproject-copylibstask.jar" />
    <property name="sun.os.patch.level" value="" />
    <property name="javac.external.vm" value="true" />
    <property name="debug.test.classpath" value=":build/classes:D:\netbeans-10.0\netbeans\platform\modules\ext\junit-4.12.jar:D:\netbeans-10.0\netbeans\platform\modules\ext\hamcrest-core-1.3.jar:build/test/classes" />
    <property name="have.tests" value="true" />
    <property name="testng.debug.mode" value="" />
    <property name="javac.target" value="1.8" />
    <property name="ant.version" value="Apache Ant(TM) version 1.10.4 compiled on June 19 2018" />
    <property name="libs.absolutelayout.maven-pom" value="" />
    <property name="jdk.gtk.version" value="2.2" />
    <property name="javac.test.processorpath" value=":build/classes:D:\netbeans-10.0\netbeans\platform\modules\ext\junit-4.12.jar:D:\netbeans-10.0\netbeans\platform\modules\ext\hamcrest-core-1.3.jar" />
    <property name="java.failonerror" value="true" />
    <property name="netbeans.dirs" value="D:\netbeans-10.0\netbeans\nb;D:\netbeans-10.0\netbeans\ergonomics;D:\netbeans-10.0\netbeans\ide;D:\netbeans-10.0\netbeans\extide;D:\netbeans-10.0\netbeans\java;D:\netbeans-10.0\netbeans\apisupport;D:\netbeans-10.0\netbeans\webcommon;D:\netbeans-10.0\netbeans\websvccommon;D:\netbeans-10.0\netbeans\enterprise;D:\netbeans-10.0\netbeans\mobility;D:\netbeans-10.0\netbeans\profiler;D:\netbeans-10.0\netbeans\python;D:\netbeans-10.0\netbeans\php;D:\netbeans-10.0\netbeans\identity;D:\netbeans-10.0\netbeans\harness;D:\netbeans-10.0\netbeans\cnd;D:\netbeans-10.0\netbeans\cndext;D:\netbeans-10.0\netbeans\dlight;D:\netbeans-10.0\netbeans\groovy;D:\netbeans-10.0\netbeans\extra;D:\netbeans-10.0\netbeans\javacard;D:\netbeans-10.0\netbeans\javafx" />
    <property name="javac.modulepath" value="" />
    <property name="user.properties.file" value="C:\Users\CS\AppData\Roaming\NetBeans\10.0\build.properties" />
    <property name="javac.includes" value="ca/sheridancollege/project/CardTest.java" />
    <property name="libs.hamcrest.maven-pom" value="" />
    <property name="netbeans.autoupdate.country" value="US" />
    <property name="file.encoding.pkg" value="sun.io" />
    <property name="javac.processorpath" value="" />
    <property name="java.class.path" value="C:\Users\CS\Documents\NetBeansProjects\War\build\classes;D:\netbeans-10.0\netbeans\platform\modules\ext\junit-4.12.jar;D:\netbeans-10.0\netbeans\platform\modules\ext\hamcrest-core-1.3.jar;C:\Users\CS\Documents\NetBeansProjects\War\build\test\classes;D:\netbeans-10.0\netbeans\extide\ant\lib\ant-launcher.jar;D:\netbeans-10.0\netbeans\extide\ant\lib\ant.jar;D:\netbeans-10.0\netbeans\extide\ant\lib\ant-junit.jar;D:\netbeans-10.0\netbeans\extide\ant\lib\ant-junit4.jar" />
    <property name="libs.JWSAntTasks.maven-pom" value="" />
    <property name="java.vm.vendor" value="&quot;Oracle Corporation&quot;" />
    <property name="ap.supported.internal" value="true" />
    <property name="user.variant" value="" />
    <property name="netbeans.home+have.tests" value="true" />
    <property name="run.modulepath" value="" />
    <property name="test.binaryexcludes" value="" />
    <property name="do.archive+manifest.available" value="true" />
    <property name="javac.compilerargs" value="" />
    <property name="apple.laf.useScreenMenuBar" value="true" />
    <property name="user.country" value="US" />
    <property name="sun.java.launcher" value="SUN_STANDARD" />
    <property name="libs.jpa20-persistence.src" value="" />
    <property name="javac.test.sourcepath" value="C:\Users\CS\Documents\NetBeansProjects\War\build\empty" />
    <property name="sun.cpu.endian" value="little" />
    <property name="libs.junit_4.src" value="D:\netbeans-10.0\netbeans\platform\docs\junit-4.12-sources.jar" />
    <property name="user.language" value="en" />
    <property name="copylibs.rebase" value="true" />
    <property name="includes" value="**" />
    <property name="javadoc.nonavbar" value="false" />
    <property name="ant.java.version" value="10" />
    <property name="libs.junit_4.classpath" value="D:\netbeans-10.0\netbeans\platform\modules\ext\junit-4.12.jar" />
    <property name="libs.hamcrest.classpath" value="D:\netbeans-10.0\netbeans\platform\modules\ext\hamcrest-core-1.3.jar" />
    <property name="javadoc.splitindex" value="true" />
    <property name="libs.JWSAntTasks.classpath" value="D:\netbeans-10.0\netbeans\java\ant\extra\org-netbeans-modules-javawebstart-anttasks.jar" />
    <property name="test.binarytestincludes" value="" />
    <property name="junit.available" value="true" />
    <property name="sun.awt.keepWorkingSetOnMinimize" value="true" />
    <property name="ant.file.type.War" value="file" />
    <property name="libs.junit_4.maven-pom" value="" />
    <property name="javac.processormodulepath" value="" />
    <property name="runtime.encoding" value="UTF-8" />
    <property name="javadoc.encoding" value="UTF-8" />
    <property name="javac.classpath" value="" />
    <property name="do.mkdist" value="true" />
    <property name="netbeans.hash.code" value="unique=06599acd3-0d47-4482-a24f-cc345da8765b_f1c8c581-7965-412b-a1b8-29f105249837" />
    <property name="nb.junit.batch" value="true" />
    <property name="build.test.classes.dir" value="build/test/classes" />
    <property name="java.runtime.name" value="Java(TM) SE Runtime Environment" />
    <property name="libs.jaxb.javadoc" value="D:\netbeans-10.0\netbeans\ide\docs\jaxb-api-2.2.5-javadoc.jar" />
    <property name="manifest.available" value="true" />
    <property name="libs.spring-framework300.maven-pom" value="" />
    <property name="ant.project.invoked-targets" value="test-single" />
    <property name="run.jvmargs.ide" value="" />
    <property name="ap.cmd.line.internal" value="" />
    <property name="libs.PostgreSQLDriver.src" value="" />
    <property name="ant.core.lib" value="D:\netbeans-10.0\netbeans\extide\ant\lib\ant.jar" />
    <property name="java.vendor.url.bug" value="http://bugreport.java.com/bugreport/" />
    <property name="annotation.processing.source.output" value="build/generated-sources/ap-source-output" />
    <property name="user.dir" value="C:\Users\CS\Documents\NetBeansProjects\War" />
    <property name="javac.profile.cmd.line.arg" value="" />
    <property name="platform.java" value="C:\Program Files\Java\jdk-10.0.2/bin/java" />
    <property name="application.args" value="" />
    <property name="do.archive+main.class.available" value="true" />
    <property name="org.xml.sax.driver" value="com.sun.org.apache.xerces.internal.jaxp.SAXParserImpl$JAXPSAXParser" />
    <property name="javac.test.modulepath" value="" />
    <property name="libs.PostgreSQLDriver.javadoc" value="" />
    <property name="libs.eclipselink.src" value="" />
    <property name="java.vm.version" value="10.0.2+13" />
    <property name="sun.awt.datatransfer.timeout" value="1000" />
    <property name="test.class" value="ca.sheridancollege.project.CardTest" />
    <property name="junit.forkmode" value="perTest" />
    <property name="annotation.processing.run.all.processors" value="true" />
  </properties>
  <testcase classname="ca.sheridancollege.project.CardTest" name="testToString" time="0.03">
    <error type="java.lang.NullPointerException">java.lang.NullPointerException
	at ca.sheridancollege.project.CardTest.testToString(CardTest.java:75)
	at java.base/jdk.internal.reflect.NativeMethodAccessorImpl.invoke0(Native Method)
	at java.base/jdk.internal.reflect.NativeMethodAccessorImpl.invoke(NativeMethodAccessorImpl.java:62)
	at java.base/jdk.internal.reflect.DelegatingMethodAccessorImpl.invoke(DelegatingMethodAccessorImpl.java:43)
</error>
  </testcase>
  <testcase classname="ca.sheridancollege.project.CardTest" name="testBoundaryGetCard" time="0.004">
    <error type="java.lang.NullPointerException">java.lang.NullPointerException
	at ca.sheridancollege.project.CardTest.testBoundaryGetCard(CardTest.java:65)
	at java.base/jdk.internal.reflect.NativeMethodAccessorImpl.invoke0(Native Method)
	at java.base/jdk.internal.reflect.NativeMethodAccessorImpl.invoke(NativeMethodAccessorImpl.java:62)
	at java.base/jdk.internal.reflect.DelegatingMethodAccessorImpl.invoke(DelegatingMethodAccessorImpl.java:43)
</error>
  </testcase>
  <testcase classname="ca.sheridancollege.project.CardTest" name="testGoodGetCard" time="0.005">
    <error type="java.lang.NullPointerException">java.lang.NullPointerException
	at ca.sheridancollege.project.CardTest.testGoodGetCard(CardTest.java:45)
	at java.base/jdk.internal.reflect.NativeMethodAccessorImpl.invoke0(Native Method)
	at java.base/jdk.internal.reflect.NativeMethodAccessorImpl.invoke(NativeMethodAccessorImpl.java:62)
	at java.base/jdk.internal.reflect.DelegatingMethodAccessorImpl.invoke(DelegatingMethodAccessorImpl.java:43)
</error>
  </testcase>
  <testcase classname="ca.sheridancollege.project.CardTest" name="testBadGetCard" time="0.003">
    <error type="java.lang.NullPointerException">java.lang.NullPointerException
	at ca.sheridancollege.project.CardTest.testBadGetCard(CardTest.java:55)
	at java.base/jdk.internal.reflect.NativeMethodAccessorImpl.invoke0(Native Method)
	at java.base/jdk.internal.reflect.NativeMethodAccessorImpl.invoke(NativeMethodAccessorImpl.java:62)
	at java.base/jdk.internal.reflect.DelegatingMethodAccessorImpl.invoke(DelegatingMethodAccessorImpl.java:43)
</error>
  </testcase>
  <system-out><![CDATA[toString
getCard
getCard
getCard
]]></system-out>
  <system-err><![CDATA[]]></system-err>
</testsuite>
